03/08 09:50:02 HF Soap Server started
03/08 10:26:57 HF Soap Server started
03/08 10:29:26 HF Soap Server started
03/08 10:32:30 HF Soap Server started
03/08 10:53:12 HF Soap Server started
03/08 11:04:19 HF Soap Server started
03/08 11:35:00 HF Soap Server started
03/08 11:41:42 HF Soap Server started
03/08 11:42:49 HF Soap Server started
03/08 11:53:20 HF Soap Server started
03/08 11:53:42 Begin : 
03/08 11:53:42 Lỗi không xác định
03/08 11:53:42 com.test.sayHelloWorld.models.KeyValueModel@3a475c47
03/08 11:54:27 Begin : 
03/08 11:54:27 Lỗi không xác định
03/08 11:54:56 com.test.sayHelloWorld.models.KeyValueModel@3a475c47
03/08 12:03:46 HF Soap Server started
03/08 12:03:55 Begin: 
03/08 12:03:55 Hello World
03/08 12:03:55 End. 
03/08 12:04:05 End. 
03/08 12:04:10 Begin: 
03/08 12:04:10 Hello World
03/08 12:04:10 End. 
03/08 12:04:20 End. 
03/08 12:04:30 End. 
03/08 12:04:40 End. 
