02/08 14:53:06 <FONT color="#0033CC"><B>MNP Soap Server started</B></FONT>
02/08 14:53:56 <FONT color="#CC6622"><U>User 'system' connected failure</U></FONT>
02/08 14:54:01 <FONT color="#2266CC"><U>User 'system' connected successfully</U></FONT>
02/08 14:54:02 <FONT color="#CC6622"><U>User 'system' disconnected</U></FONT>
02/08 14:54:05 <FONT color="#2266CC"><U>User 'system' connected successfully</U></FONT>
02/08 14:57:36 <FONT color="#0033CC"><B>HF Soap Server started</B></FONT>
02/08 14:57:46 <FONT color="#2266CC"><U>User 'system' connected successfully</U></FONT>
02/08 15:36:19 <FONT color="#0033CC"><B>HF Soap Server started</B></FONT>
02/08 15:36:26 <FONT color="#2266CC"><U>User 'system' connected successfully</U></FONT>
02/08 15:46:00 <FONT color="#0033CC"><B>HF Soap Server started</B></FONT>
02/08 15:46:01 <FONT color="#2266CC"><U>User 'system' connected successfully</U></FONT>
02/08 15:59:33 <FONT color="#0033CC"><B>HF Soap Server started</B></FONT>
02/08 16:30:24 <FONT color="#0033CC"><B>HF Soap Server started</B></FONT>
02/08 16:33:33 <FONT color="#0033CC"><B>HF Soap Server started</B></FONT>
02/08 16:38:43 <FONT color="#2266CC"><U>User 'system' connected successfully</U></FONT>
02/08 16:40:29 <FONT color="#0033CC"><B>HF Soap Server started</B></FONT>
02/08 16:48:26 <FONT color="#0033CC"><B>MNP Soap Server started</B></FONT>
02/08 16:48:27 <FONT color="#0033CC"><B>HF Soap Server started</B></FONT>
02/08 16:48:38 <FONT color="#2266CC"><U>User 'system' connected successfully</U></FONT>
02/08 16:49:57 <FONT color="#0033CC"><B>Spring Boot Server started</B></FONT>
02/08 16:49:58 <FONT color="#0033CC"><B>HF Soap Server started</B></FONT>
02/08 16:50:00 <FONT color="#2266CC"><U>User 'system' connected successfully</U></FONT>
03/08 09:50:01 <FONT color="#0033CC"><B>Spring Boot Server started</B></FONT>
03/08 09:50:02 <FONT color="#0033CC"><B>HF Soap Server started</B></FONT>
03/08 10:26:56 <FONT color="#0033CC"><B>Spring Boot Server started</B></FONT>
03/08 10:26:57 <FONT color="#0033CC"><B>HF Soap Server started</B></FONT>
03/08 10:27:50 <FONT color="#2266CC"><U>User 'system' connected successfully</U></FONT>
03/08 10:29:21 <FONT color="#2266CC"><U>User 'system' connected successfully</U></FONT>
03/08 10:29:22 <FONT color="#CC6622"><U>User 'system' disconnected</U></FONT>
03/08 10:29:25 <FONT color="#0033CC"><B>Spring Boot Server started</B></FONT>
03/08 10:29:25 <FONT color="#2266CC"><U>User 'system' connected successfully</U></FONT>
03/08 10:29:26 <FONT color="#0033CC"><B>HF Soap Server started</B></FONT>
03/08 10:32:29 <FONT color="#2266CC"><U>User 'system' connected successfully</U></FONT>
03/08 10:32:29 <FONT color="#0033CC"><B>Spring Boot Server started</B></FONT>
03/08 10:32:30 <FONT color="#CC6622"><U>User 'system' disconnected</U></FONT>
03/08 10:32:30 <FONT color="#0033CC"><B>HF Soap Server started</B></FONT>
03/08 10:32:31 <FONT color="#2266CC"><U>User 'system' connected successfully</U></FONT>
03/08 10:53:11 <FONT color="#0033CC"><B>Spring Boot Server started</B></FONT>
03/08 10:53:12 <FONT color="#0033CC"><B>HF Soap Server started</B></FONT>
03/08 11:04:18 <FONT color="#0033CC"><B>Spring Boot Server started</B></FONT>
03/08 11:04:19 <FONT color="#0033CC"><B>HF Soap Server started</B></FONT>
03/08 11:34:59 <FONT color="#0033CC"><B>Spring Boot Server started</B></FONT>
03/08 11:35:00 <FONT color="#0033CC"><B>HF Soap Server started</B></FONT>
03/08 11:41:41 <FONT color="#0033CC"><B>Spring Boot Server started</B></FONT>
03/08 11:41:42 <FONT color="#0033CC"><B>HF Soap Server started</B></FONT>
03/08 11:42:48 <FONT color="#0033CC"><B>Spring Boot Server started</B></FONT>
03/08 11:42:49 <FONT color="#0033CC"><B>HF Soap Server started</B></FONT>
03/08 11:53:18 <FONT color="#0033CC"><B>Spring Boot Server started</B></FONT>
03/08 11:53:20 <FONT color="#0033CC"><B>HF Soap Server started</B></FONT>
03/08 11:53:55 <FONT color="#2266CC"><U>User 'system' connected successfully</U></FONT>
03/08 12:03:45 <FONT color="#0033CC"><B>Spring Boot Server started</B></FONT>
03/08 12:03:46 <FONT color="#0033CC"><B>HF Soap Server started</B></FONT>
03/08 12:03:59 <FONT color="#2266CC"><U>User 'system' connected successfully</U></FONT>
03/08 12:04:40 <FONT color="#CC6622"><U>User 'system' disconnected</U></FONT>
