02/08 16:48:26 MNP Soap Server started
02/08 16:48:27 Starting webservice MNPCM
02/08 16:48:37 Webservice MNPCM is started at Thu Aug 02 16:48:37 ICT 2018
02/08 16:48:37 Webservice MNPCM is alive
02/08 16:48:47 Webservice MNPCM is alive
02/08 16:48:57 Webservice MNPCM is alive
02/08 16:49:08 Webservice MNPCM is alive
02/08 16:49:18 Webservice MNPCM is alive
02/08 16:49:28 Webservice MNPCM is alive
02/08 16:49:38 Webservice MNPCM is alive
02/08 16:49:48 Webservice MNPCM is alive
02/08 16:49:57 Spring Boot Server started
02/08 16:49:57 Starting webservice MNPCM
02/08 16:50:00 Webservice MNPCM is started at Thu Aug 02 16:50:00 ICT 2018
02/08 16:50:00 Webservice MNPCM is alive
02/08 16:50:10 Webservice MNPCM is alive
02/08 16:50:20 Webservice MNPCM is alive
02/08 16:50:30 Webservice MNPCM is alive
02/08 16:50:40 Webservice MNPCM is alive
02/08 16:50:50 Webservice MNPCM is alive
02/08 16:51:00 Webservice MNPCM is alive
02/08 16:51:10 Webservice MNPCM is alive
02/08 16:51:20 Webservice MNPCM is alive
02/08 16:51:30 Webservice MNPCM is alive
02/08 16:51:40 Webservice MNPCM is alive
02/08 16:51:50 Webservice MNPCM is alive
02/08 16:52:00 Webservice MNPCM is alive
02/08 16:52:11 Webservice MNPCM is alive
02/08 16:52:21 Webservice MNPCM is alive
02/08 16:52:31 Webservice MNPCM is alive
02/08 16:52:41 Webservice MNPCM is alive
02/08 16:52:51 Webservice MNPCM is alive
02/08 16:53:01 Webservice MNPCM is alive
02/08 16:53:11 Webservice MNPCM is alive
